2026-01-03 10:37:20,073 - INFO - Successfully loaded robots.txt
2026-01-03 10:37:20,074 - INFO - Starting Static HTML Scraper. Target: 100 jobs.
2026-01-03 10:37:20,075 - INFO - Fetching HTML page 'remote-jobs': https://remoteok.com/remote-jobs
2026-01-03 10:37:21,268 - INFO - Added 0 unique jobs from remote-jobs. Total Unique: 0
2026-01-03 10:37:21,270 - INFO - Rate limiting: Waiting 2.54s...
2026-01-03 10:37:23,811 - INFO - Fetching HTML page 'remote-dev-jobs': https://remoteok.com/remote-dev-jobs
2026-01-03 10:37:26,993 - INFO - Added 0 unique jobs from remote-dev-jobs. Total Unique: 0
2026-01-03 10:37:26,995 - INFO - Rate limiting: Waiting 3.34s...
2026-01-03 10:37:30,337 - INFO - Fetching HTML page 'remote-engineer-jobs': https://remoteok.com/remote-engineer-jobs
2026-01-03 10:37:33,005 - INFO - Added 0 unique jobs from remote-engineer-jobs. Total Unique: 0
2026-01-03 10:37:33,007 - INFO - Rate limiting: Waiting 3.65s...
2026-01-03 10:37:36,654 - INFO - Fetching HTML page 'remote-python-jobs': https://remoteok.com/remote-python-jobs
2026-01-03 10:37:39,648 - INFO - Added 0 unique jobs from remote-python-jobs. Total Unique: 0
2026-01-03 10:37:39,650 - INFO - Rate limiting: Waiting 3.29s...
2026-01-03 10:37:42,941 - INFO - Fetching HTML page 'remote-javascript-jobs': https://remoteok.com/remote-javascript-jobs
2026-01-03 10:37:43,990 - INFO - Added 0 unique jobs from remote-javascript-jobs. Total Unique: 0
2026-01-03 10:37:43,992 - INFO - Rate limiting: Waiting 2.51s...
2026-01-03 10:37:46,500 - INFO - Fetching HTML page 'remote-react-jobs': https://remoteok.com/remote-react-jobs
2026-01-03 10:37:47,799 - INFO - Added 0 unique jobs from remote-react-jobs. Total Unique: 0
2026-01-03 10:37:47,801 - INFO - Rate limiting: Waiting 3.03s...
2026-01-03 10:37:50,832 - INFO - Fetching HTML page 'remote-backend-jobs': https://remoteok.com/remote-backend-jobs
2026-01-03 10:37:51,960 - INFO - Added 0 unique jobs from remote-backend-jobs. Total Unique: 0
2026-01-03 10:37:51,961 - INFO - Rate limiting: Waiting 2.40s...
2026-01-03 10:37:54,367 - INFO - Fetching HTML page 'remote-frontend-jobs': https://remoteok.com/remote-frontend-jobs
2026-01-03 10:38:00,436 - INFO - Added 0 unique jobs from remote-frontend-jobs. Total Unique: 0
2026-01-03 10:38:00,438 - INFO - Rate limiting: Waiting 3.07s...
2026-01-03 10:38:03,513 - INFO - Fetching HTML page 'remote-full-stack-jobs': https://remoteok.com/remote-full-stack-jobs
2026-01-03 10:38:06,945 - INFO - Added 0 unique jobs from remote-full-stack-jobs. Total Unique: 0
2026-01-03 10:38:06,946 - INFO - Rate limiting: Waiting 2.48s...
2026-01-03 10:38:09,423 - INFO - Fetching HTML page 'remote-data-jobs': https://remoteok.com/remote-data-jobs
2026-01-03 10:38:12,018 - INFO - Added 0 unique jobs from remote-data-jobs. Total Unique: 0
2026-01-03 10:38:12,020 - INFO - Rate limiting: Waiting 2.46s...
2026-01-03 10:38:14,478 - INFO - Fetching HTML page 'remote-design-jobs': https://remoteok.com/remote-design-jobs
2026-01-03 10:38:16,110 - INFO - Added 0 unique jobs from remote-design-jobs. Total Unique: 0
2026-01-03 10:38:16,112 - INFO - Rate limiting: Waiting 2.55s...
2026-01-03 10:38:18,663 - INFO - Fetching HTML page 'remote-marketing-jobs': https://remoteok.com/remote-marketing-jobs
2026-01-03 10:38:22,185 - INFO - Added 0 unique jobs from remote-marketing-jobs. Total Unique: 0
2026-01-03 10:38:22,186 - INFO - Rate limiting: Waiting 3.83s...
2026-01-03 10:38:26,019 - INFO - Fetching HTML page 'remote-customer-support-jobs': https://remoteok.com/remote-customer-support-jobs
2026-01-03 10:38:29,114 - INFO - Added 0 unique jobs from remote-customer-support-jobs. Total Unique: 0
2026-01-03 10:38:29,115 - INFO - Rate limiting: Waiting 2.63s...
2026-01-03 10:38:31,745 - INFO - Fetching HTML page 'remote-sales-jobs': https://remoteok.com/remote-sales-jobs
2026-01-03 10:38:32,872 - INFO - Added 0 unique jobs from remote-sales-jobs. Total Unique: 0
2026-01-03 10:38:32,874 - INFO - Rate limiting: Waiting 2.77s...
2026-01-03 10:38:35,643 - INFO - Fetching HTML page 'remote-writing-jobs': https://remoteok.com/remote-writing-jobs
2026-01-03 10:38:37,402 - INFO - Added 0 unique jobs from remote-writing-jobs. Total Unique: 0
2026-01-03 10:38:37,403 - INFO - Rate limiting: Waiting 2.62s...
2026-01-03 10:38:40,029 - INFO - Fetching HTML page 'remote-non-tech-jobs': https://remoteok.com/remote-non-tech-jobs
2026-01-03 10:38:42,200 - INFO - Added 0 unique jobs from remote-non-tech-jobs. Total Unique: 0
2026-01-03 10:38:42,202 - INFO - Rate limiting: Waiting 2.50s...
2026-01-03 10:38:44,707 - WARNING - No jobs were scraped. Skipping file save.
2026-01-03 10:41:03,309 - INFO - Successfully loaded robots.txt
2026-01-03 10:41:03,309 - INFO - Starting Static HTML Scraper. Target: 100 jobs.
2026-01-03 10:41:03,309 - INFO - Fetching HTML page 'remote-jobs': https://remoteok.com/remote-jobs
2026-01-03 10:41:05,055 - INFO - Added 0 unique jobs from remote-jobs. Total Unique: 0
2026-01-03 10:41:05,056 - INFO - Rate limiting: Waiting 3.01s...
2026-01-03 10:41:08,064 - INFO - Fetching HTML page 'remote-dev-jobs': https://remoteok.com/remote-dev-jobs
2026-01-03 10:41:10,842 - INFO - Added 0 unique jobs from remote-dev-jobs. Total Unique: 0
2026-01-03 10:41:10,843 - INFO - Rate limiting: Waiting 2.93s...
2026-01-03 10:41:13,777 - INFO - Fetching HTML page 'remote-engineer-jobs': https://remoteok.com/remote-engineer-jobs
2026-01-03 10:41:15,234 - INFO - Added 0 unique jobs from remote-engineer-jobs. Total Unique: 0
2026-01-03 10:41:15,235 - INFO - Rate limiting: Waiting 2.35s...
2026-01-03 10:41:17,585 - INFO - Fetching HTML page 'remote-python-jobs': https://remoteok.com/remote-python-jobs
2026-01-03 10:41:28,603 - INFO - Added 0 unique jobs from remote-python-jobs. Total Unique: 0
2026-01-03 10:41:28,604 - INFO - Rate limiting: Waiting 3.66s...
2026-01-03 10:41:32,261 - INFO - Fetching HTML page 'remote-javascript-jobs': https://remoteok.com/remote-javascript-jobs
2026-01-03 10:41:33,709 - INFO - Added 0 unique jobs from remote-javascript-jobs. Total Unique: 0
2026-01-03 10:41:33,710 - INFO - Rate limiting: Waiting 2.02s...
2026-01-03 10:41:35,734 - INFO - Fetching HTML page 'remote-react-jobs': https://remoteok.com/remote-react-jobs
2026-01-03 10:41:37,227 - INFO - Added 0 unique jobs from remote-react-jobs. Total Unique: 0
2026-01-03 10:41:37,229 - INFO - Rate limiting: Waiting 3.46s...
2026-01-03 10:41:40,694 - INFO - Fetching HTML page 'remote-backend-jobs': https://remoteok.com/remote-backend-jobs
2026-01-03 10:41:42,048 - INFO - Added 0 unique jobs from remote-backend-jobs. Total Unique: 0
2026-01-03 10:41:42,050 - INFO - Rate limiting: Waiting 2.14s...
2026-01-03 10:41:44,194 - INFO - Fetching HTML page 'remote-frontend-jobs': https://remoteok.com/remote-frontend-jobs
2026-01-03 10:41:46,424 - INFO - Added 0 unique jobs from remote-frontend-jobs. Total Unique: 0
2026-01-03 10:41:46,427 - INFO - Rate limiting: Waiting 2.61s...
2026-01-03 10:41:49,044 - INFO - Fetching HTML page 'remote-full-stack-jobs': https://remoteok.com/remote-full-stack-jobs
2026-01-03 10:41:50,856 - INFO - Added 0 unique jobs from remote-full-stack-jobs. Total Unique: 0
2026-01-03 10:41:50,857 - INFO - Rate limiting: Waiting 2.14s...
2026-01-03 10:41:52,994 - INFO - Fetching HTML page 'remote-data-jobs': https://remoteok.com/remote-data-jobs
2026-01-03 10:42:09,065 - INFO - Added 0 unique jobs from remote-data-jobs. Total Unique: 0
2026-01-03 10:42:09,066 - INFO - Rate limiting: Waiting 2.42s...
2026-01-03 10:42:11,490 - INFO - Fetching HTML page 'remote-design-jobs': https://remoteok.com/remote-design-jobs
2026-01-03 10:42:14,039 - INFO - Added 0 unique jobs from remote-design-jobs. Total Unique: 0
2026-01-03 10:42:14,040 - INFO - Rate limiting: Waiting 2.08s...
2026-01-03 10:42:16,126 - INFO - Fetching HTML page 'remote-marketing-jobs': https://remoteok.com/remote-marketing-jobs
2026-01-03 10:42:17,621 - INFO - Added 0 unique jobs from remote-marketing-jobs. Total Unique: 0
2026-01-03 10:42:17,622 - INFO - Rate limiting: Waiting 3.95s...
2026-01-03 10:42:21,575 - INFO - Fetching HTML page 'remote-customer-support-jobs': https://remoteok.com/remote-customer-support-jobs
2026-01-03 10:42:22,810 - INFO - Added 0 unique jobs from remote-customer-support-jobs. Total Unique: 0
2026-01-03 10:42:22,811 - INFO - Rate limiting: Waiting 2.74s...
2026-01-03 10:42:25,554 - INFO - Fetching HTML page 'remote-sales-jobs': https://remoteok.com/remote-sales-jobs
2026-01-03 10:42:28,117 - INFO - Added 0 unique jobs from remote-sales-jobs. Total Unique: 0
2026-01-03 10:42:28,118 - INFO - Rate limiting: Waiting 2.70s...
2026-01-03 10:42:30,818 - INFO - Fetching HTML page 'remote-writing-jobs': https://remoteok.com/remote-writing-jobs
2026-01-03 10:42:32,349 - INFO - Added 0 unique jobs from remote-writing-jobs. Total Unique: 0
2026-01-03 10:42:32,350 - INFO - Rate limiting: Waiting 3.54s...
2026-01-03 10:42:35,891 - INFO - Fetching HTML page 'remote-non-tech-jobs': https://remoteok.com/remote-non-tech-jobs
2026-01-03 10:42:38,982 - INFO - Added 0 unique jobs from remote-non-tech-jobs. Total Unique: 0
2026-01-03 10:42:38,985 - INFO - Rate limiting: Waiting 3.89s...
2026-01-03 10:42:42,876 - WARNING - No jobs were scraped. Skipping file save.
2026-01-03 10:44:32,780 - INFO - Successfully loaded robots.txt
2026-01-03 10:44:32,781 - INFO - Starting Static HTML Scraper. Target: 100 jobs.
2026-01-03 10:44:32,782 - INFO - Fetching HTML page 'remote-jobs': https://remoteok.com/remote-jobs
2026-01-03 10:44:48,194 - ERROR - Network error on page remote-jobs: HTTPSConnectionPool(host='remoteok.com', port=443): Read timed out. (read timeout=15)
2026-01-03 10:44:48,195 - INFO - Rate limiting: Waiting 3.97s...
2026-01-03 10:44:52,171 - INFO - Fetching HTML page 'remote-dev-jobs': https://remoteok.com/remote-dev-jobs
2026-01-03 10:44:53,411 - INFO - Added 0 unique jobs from remote-dev-jobs. Total Unique: 0
2026-01-03 10:44:53,413 - INFO - Rate limiting: Waiting 3.81s...
2026-01-03 10:44:57,226 - INFO - Fetching HTML page 'remote-engineer-jobs': https://remoteok.com/remote-engineer-jobs
2026-01-03 10:45:00,450 - INFO - Added 0 unique jobs from remote-engineer-jobs. Total Unique: 0
2026-01-03 10:45:00,451 - INFO - Rate limiting: Waiting 3.66s...
2026-01-03 10:45:04,112 - INFO - Fetching HTML page 'remote-python-jobs': https://remoteok.com/remote-python-jobs
2026-01-03 10:45:05,301 - INFO - Added 0 unique jobs from remote-python-jobs. Total Unique: 0
2026-01-03 10:45:05,302 - INFO - Rate limiting: Waiting 2.19s...
2026-01-03 10:45:07,499 - INFO - Fetching HTML page 'remote-javascript-jobs': https://remoteok.com/remote-javascript-jobs
2026-01-03 10:45:10,697 - INFO - Added 0 unique jobs from remote-javascript-jobs. Total Unique: 0
2026-01-03 10:45:10,698 - INFO - Rate limiting: Waiting 2.60s...
2026-01-03 10:45:13,296 - INFO - Fetching HTML page 'remote-react-jobs': https://remoteok.com/remote-react-jobs
2026-01-03 10:45:15,670 - INFO - Added 0 unique jobs from remote-react-jobs. Total Unique: 0
2026-01-03 10:45:15,671 - INFO - Rate limiting: Waiting 2.34s...
2026-01-03 10:45:18,016 - INFO - Fetching HTML page 'remote-backend-jobs': https://remoteok.com/remote-backend-jobs
2026-01-03 10:45:21,371 - INFO - Added 0 unique jobs from remote-backend-jobs. Total Unique: 0
2026-01-03 10:45:21,372 - INFO - Rate limiting: Waiting 2.38s...
2026-01-03 10:45:23,748 - INFO - Fetching HTML page 'remote-frontend-jobs': https://remoteok.com/remote-frontend-jobs
2026-01-03 10:45:35,152 - INFO - Added 0 unique jobs from remote-frontend-jobs. Total Unique: 0
2026-01-03 10:45:35,154 - INFO - Rate limiting: Waiting 2.41s...
2026-01-03 10:45:37,568 - INFO - Fetching HTML page 'remote-full-stack-jobs': https://remoteok.com/remote-full-stack-jobs
2026-01-03 10:45:42,481 - INFO - Added 0 unique jobs from remote-full-stack-jobs. Total Unique: 0
2026-01-03 10:45:42,482 - INFO - Rate limiting: Waiting 2.04s...
2026-01-03 10:45:44,522 - INFO - Fetching HTML page 'remote-data-jobs': https://remoteok.com/remote-data-jobs
2026-01-03 10:45:46,368 - INFO - Added 0 unique jobs from remote-data-jobs. Total Unique: 0
2026-01-03 10:45:46,369 - INFO - Rate limiting: Waiting 3.39s...
2026-01-03 10:45:49,757 - INFO - Fetching HTML page 'remote-design-jobs': https://remoteok.com/remote-design-jobs
2026-01-03 10:45:51,078 - INFO - Added 0 unique jobs from remote-design-jobs. Total Unique: 0
2026-01-03 10:45:51,079 - INFO - Rate limiting: Waiting 2.31s...
2026-01-03 10:45:53,393 - INFO - Fetching HTML page 'remote-marketing-jobs': https://remoteok.com/remote-marketing-jobs
2026-01-03 10:45:54,987 - INFO - Added 0 unique jobs from remote-marketing-jobs. Total Unique: 0
2026-01-03 10:45:54,989 - INFO - Rate limiting: Waiting 2.27s...
2026-01-03 10:45:57,257 - INFO - Fetching HTML page 'remote-customer-support-jobs': https://remoteok.com/remote-customer-support-jobs
2026-01-03 10:45:58,346 - INFO - Added 0 unique jobs from remote-customer-support-jobs. Total Unique: 0
2026-01-03 10:45:58,347 - INFO - Rate limiting: Waiting 3.04s...
2026-01-03 10:46:01,390 - INFO - Fetching HTML page 'remote-sales-jobs': https://remoteok.com/remote-sales-jobs
2026-01-03 10:46:02,850 - INFO - Added 0 unique jobs from remote-sales-jobs. Total Unique: 0
2026-01-03 10:46:02,851 - INFO - Rate limiting: Waiting 2.95s...
2026-01-03 10:46:05,802 - INFO - Fetching HTML page 'remote-writing-jobs': https://remoteok.com/remote-writing-jobs
2026-01-03 10:46:08,114 - INFO - Added 0 unique jobs from remote-writing-jobs. Total Unique: 0
2026-01-03 10:46:08,115 - INFO - Rate limiting: Waiting 3.75s...
2026-01-03 10:46:11,864 - INFO - Fetching HTML page 'remote-non-tech-jobs': https://remoteok.com/remote-non-tech-jobs
2026-01-03 10:46:14,115 - INFO - Added 0 unique jobs from remote-non-tech-jobs. Total Unique: 0
2026-01-03 10:46:14,117 - INFO - Rate limiting: Waiting 2.38s...
2026-01-03 10:46:16,496 - WARNING - No jobs were scraped. Skipping file save.
2026-01-03 10:46:57,370 - INFO - Successfully loaded robots.txt
2026-01-03 10:46:57,371 - INFO - Starting Static HTML Scraper. Target: 100 jobs.
2026-01-03 10:46:57,372 - INFO - Fetching HTML page 'remote-jobs': https://remoteok.com/remote-jobs
2026-01-03 10:46:58,424 - INFO - Added 0 unique jobs from remote-jobs. Total Unique: 0
2026-01-03 10:46:58,425 - INFO - Rate limiting: Waiting 4.12s...
2026-01-03 10:47:02,550 - INFO - Fetching HTML page 'remote-jobs?page=2': https://remoteok.com/remote-jobs?page=2
2026-01-03 10:47:03,614 - WARNING - No job listings found on https://remoteok.com/remote-jobs?page=2
2026-01-03 10:47:03,615 - INFO - Rate limiting: Waiting 3.15s...
2026-01-03 10:47:06,764 - INFO - Fetching HTML page 'remote-jobs?page=3': https://remoteok.com/remote-jobs?page=3
2026-01-03 10:47:07,827 - WARNING - No job listings found on https://remoteok.com/remote-jobs?page=3
2026-01-03 10:47:07,829 - INFO - Rate limiting: Waiting 4.77s...
2026-01-03 10:47:12,605 - INFO - Fetching HTML page 'remote-dev-jobs': https://remoteok.com/remote-dev-jobs
2026-01-03 10:47:14,056 - INFO - Added 0 unique jobs from remote-dev-jobs. Total Unique: 0
2026-01-03 10:47:14,056 - INFO - Rate limiting: Waiting 3.05s...
2026-01-03 10:47:17,104 - INFO - Fetching HTML page 'remote-dev-jobs?page=2': https://remoteok.com/remote-dev-jobs?page=2
2026-01-03 10:47:18,493 - INFO - Added 0 unique jobs from remote-dev-jobs?page=2. Total Unique: 0
2026-01-03 10:47:18,494 - INFO - Rate limiting: Waiting 3.24s...
2026-01-03 10:47:21,734 - INFO - Fetching HTML page 'remote-dev-jobs?page=3': https://remoteok.com/remote-dev-jobs?page=3
2026-01-03 10:47:22,941 - INFO - Added 0 unique jobs from remote-dev-jobs?page=3. Total Unique: 0
2026-01-03 10:47:22,941 - INFO - Rate limiting: Waiting 4.51s...
2026-01-03 10:47:27,450 - INFO - Fetching HTML page 'remote-engineer-jobs': https://remoteok.com/remote-engineer-jobs
2026-01-03 10:47:28,925 - INFO - Added 0 unique jobs from remote-engineer-jobs. Total Unique: 0
2026-01-03 10:47:28,927 - INFO - Rate limiting: Waiting 3.37s...
2026-01-03 10:47:32,300 - INFO - Fetching HTML page 'remote-engineer-jobs?page=2': https://remoteok.com/remote-engineer-jobs?page=2
2026-01-03 10:47:33,558 - INFO - Added 0 unique jobs from remote-engineer-jobs?page=2. Total Unique: 0
2026-01-03 10:47:33,560 - INFO - Rate limiting: Waiting 4.92s...
2026-01-03 10:47:38,484 - INFO - Fetching HTML page 'remote-engineer-jobs?page=3': https://remoteok.com/remote-engineer-jobs?page=3
2026-01-03 10:47:41,211 - INFO - Added 0 unique jobs from remote-engineer-jobs?page=3. Total Unique: 0
2026-01-03 10:47:41,212 - INFO - Rate limiting: Waiting 3.89s...
2026-01-03 10:47:45,102 - INFO - Fetching HTML page 'remote-python-jobs': https://remoteok.com/remote-python-jobs
2026-01-03 10:47:47,840 - INFO - Added 0 unique jobs from remote-python-jobs. Total Unique: 0
2026-01-03 10:47:47,842 - INFO - Rate limiting: Waiting 3.53s...
2026-01-03 10:47:51,376 - INFO - Fetching HTML page 'remote-python-jobs?page=2': https://remoteok.com/remote-python-jobs?page=2
2026-01-03 10:47:52,878 - INFO - Added 0 unique jobs from remote-python-jobs?page=2. Total Unique: 0
2026-01-03 10:47:52,879 - INFO - Rate limiting: Waiting 3.76s...
2026-01-03 10:47:56,641 - INFO - Fetching HTML page 'remote-python-jobs?page=3': https://remoteok.com/remote-python-jobs?page=3
2026-01-03 10:47:59,231 - INFO - Added 0 unique jobs from remote-python-jobs?page=3. Total Unique: 0
2026-01-03 10:47:59,232 - INFO - Rate limiting: Waiting 4.09s...
2026-01-03 10:48:03,324 - INFO - Fetching HTML page 'remote-javascript-jobs': https://remoteok.com/remote-javascript-jobs
2026-01-03 10:48:04,774 - INFO - Added 0 unique jobs from remote-javascript-jobs. Total Unique: 0
2026-01-03 10:48:04,775 - INFO - Rate limiting: Waiting 3.72s...
2026-01-03 10:48:08,496 - INFO - Fetching HTML page 'remote-javascript-jobs?page=2': https://remoteok.com/remote-javascript-jobs?page=2
2026-01-03 10:48:11,218 - INFO - Added 0 unique jobs from remote-javascript-jobs?page=2. Total Unique: 0
2026-01-03 10:48:11,220 - INFO - Rate limiting: Waiting 3.12s...
2026-01-03 10:48:14,337 - INFO - Fetching HTML page 'remote-javascript-jobs?page=3': https://remoteok.com/remote-javascript-jobs?page=3
2026-01-03 10:48:17,834 - INFO - Added 0 unique jobs from remote-javascript-jobs?page=3. Total Unique: 0
2026-01-03 10:48:17,835 - INFO - Rate limiting: Waiting 3.35s...
2026-01-03 10:48:21,183 - INFO - Fetching HTML page 'remote-react-jobs': https://remoteok.com/remote-react-jobs
2026-01-03 10:48:24,747 - INFO - Added 0 unique jobs from remote-react-jobs. Total Unique: 0
2026-01-03 10:48:24,747 - INFO - Rate limiting: Waiting 4.52s...
2026-01-03 10:48:29,273 - INFO - Fetching HTML page 'remote-react-jobs?page=2': https://remoteok.com/remote-react-jobs?page=2
2026-01-03 10:48:31,510 - INFO - Added 0 unique jobs from remote-react-jobs?page=2. Total Unique: 0
2026-01-03 10:48:31,511 - INFO - Rate limiting: Waiting 4.16s...
2026-01-03 10:48:35,673 - INFO - Fetching HTML page 'remote-react-jobs?page=3': https://remoteok.com/remote-react-jobs?page=3
2026-01-03 10:48:38,003 - INFO - Added 0 unique jobs from remote-react-jobs?page=3. Total Unique: 0
2026-01-03 10:48:38,004 - INFO - Rate limiting: Waiting 3.35s...
2026-01-03 10:48:41,356 - INFO - Fetching HTML page 'remote-backend-jobs': https://remoteok.com/remote-backend-jobs
2026-01-03 10:48:45,167 - INFO - Added 0 unique jobs from remote-backend-jobs. Total Unique: 0
2026-01-03 10:48:45,168 - INFO - Rate limiting: Waiting 4.59s...
2026-01-03 10:48:49,754 - INFO - Fetching HTML page 'remote-backend-jobs?page=2': https://remoteok.com/remote-backend-jobs?page=2
2026-01-03 10:48:57,638 - INFO - Added 0 unique jobs from remote-backend-jobs?page=2. Total Unique: 0
2026-01-03 10:48:57,639 - INFO - Rate limiting: Waiting 4.63s...
2026-01-03 10:49:02,266 - INFO - Fetching HTML page 'remote-backend-jobs?page=3': https://remoteok.com/remote-backend-jobs?page=3
2026-01-03 10:49:03,883 - INFO - Added 0 unique jobs from remote-backend-jobs?page=3. Total Unique: 0
2026-01-03 10:49:03,884 - INFO - Rate limiting: Waiting 4.99s...
2026-01-03 10:49:08,872 - INFO - Fetching HTML page 'remote-frontend-jobs': https://remoteok.com/remote-frontend-jobs
2026-01-03 10:49:13,756 - INFO - Added 0 unique jobs from remote-frontend-jobs. Total Unique: 0
2026-01-03 10:49:13,757 - INFO - Rate limiting: Waiting 3.87s...
2026-01-03 10:49:17,630 - INFO - Fetching HTML page 'remote-frontend-jobs?page=2': https://remoteok.com/remote-frontend-jobs?page=2
2026-01-03 10:49:22,379 - INFO - Added 0 unique jobs from remote-frontend-jobs?page=2. Total Unique: 0
2026-01-03 10:49:22,380 - INFO - Rate limiting: Waiting 3.06s...
2026-01-03 10:49:25,445 - INFO - Fetching HTML page 'remote-frontend-jobs?page=3': https://remoteok.com/remote-frontend-jobs?page=3
2026-01-03 10:49:29,460 - INFO - Added 0 unique jobs from remote-frontend-jobs?page=3. Total Unique: 0
2026-01-03 10:49:29,461 - INFO - Rate limiting: Waiting 3.05s...
2026-01-03 10:49:32,513 - INFO - Fetching HTML page 'remote-full-stack-jobs': https://remoteok.com/remote-full-stack-jobs
2026-01-03 10:49:35,008 - INFO - Added 0 unique jobs from remote-full-stack-jobs. Total Unique: 0
2026-01-03 10:49:35,009 - INFO - Rate limiting: Waiting 4.49s...
2026-01-03 10:49:39,506 - INFO - Fetching HTML page 'remote-full-stack-jobs?page=2': https://remoteok.com/remote-full-stack-jobs?page=2
2026-01-03 10:49:41,347 - INFO - Added 0 unique jobs from remote-full-stack-jobs?page=2. Total Unique: 0
2026-01-03 10:49:41,348 - INFO - Rate limiting: Waiting 4.40s...
2026-01-03 10:49:45,750 - INFO - Fetching HTML page 'remote-full-stack-jobs?page=3': https://remoteok.com/remote-full-stack-jobs?page=3
2026-01-03 10:49:47,015 - INFO - Added 0 unique jobs from remote-full-stack-jobs?page=3. Total Unique: 0
2026-01-03 10:49:47,016 - INFO - Rate limiting: Waiting 3.10s...
2026-01-03 10:49:50,113 - INFO - Fetching HTML page 'remote-data-jobs': https://remoteok.com/remote-data-jobs
2026-01-03 10:49:53,041 - INFO - Added 0 unique jobs from remote-data-jobs. Total Unique: 0
2026-01-03 10:49:53,042 - INFO - Rate limiting: Waiting 3.15s...
2026-01-03 10:49:56,189 - INFO - Fetching HTML page 'remote-data-jobs?page=2': https://remoteok.com/remote-data-jobs?page=2
2026-01-03 10:49:57,490 - INFO - Added 0 unique jobs from remote-data-jobs?page=2. Total Unique: 0
2026-01-03 10:49:57,491 - INFO - Rate limiting: Waiting 3.03s...
2026-01-03 10:50:00,519 - INFO - Fetching HTML page 'remote-data-jobs?page=3': https://remoteok.com/remote-data-jobs?page=3
2026-01-03 10:50:02,567 - INFO - Added 0 unique jobs from remote-data-jobs?page=3. Total Unique: 0
2026-01-03 10:50:02,568 - INFO - Rate limiting: Waiting 4.93s...
2026-01-03 10:50:07,504 - INFO - Fetching HTML page 'remote-design-jobs': https://remoteok.com/remote-design-jobs
2026-01-03 10:50:08,919 - INFO - Added 0 unique jobs from remote-design-jobs. Total Unique: 0
2026-01-03 10:50:08,920 - INFO - Rate limiting: Waiting 4.91s...
2026-01-03 10:50:13,830 - INFO - Fetching HTML page 'remote-design-jobs?page=2': https://remoteok.com/remote-design-jobs?page=2
2026-01-03 10:50:15,371 - INFO - Added 0 unique jobs from remote-design-jobs?page=2. Total Unique: 0
2026-01-03 10:50:15,372 - INFO - Rate limiting: Waiting 4.08s...
2026-01-03 10:50:19,453 - INFO - Fetching HTML page 'remote-design-jobs?page=3': https://remoteok.com/remote-design-jobs?page=3
2026-01-03 10:50:24,165 - INFO - Added 0 unique jobs from remote-design-jobs?page=3. Total Unique: 0
2026-01-03 10:50:24,166 - INFO - Rate limiting: Waiting 4.67s...
2026-01-03 10:50:28,841 - INFO - Fetching HTML page 'remote-marketing-jobs': https://remoteok.com/remote-marketing-jobs
2026-01-03 10:50:30,346 - INFO - Added 0 unique jobs from remote-marketing-jobs. Total Unique: 0
2026-01-03 10:50:30,347 - INFO - Rate limiting: Waiting 3.69s...
2026-01-03 10:50:34,041 - INFO - Fetching HTML page 'remote-marketing-jobs?page=2': https://remoteok.com/remote-marketing-jobs?page=2
2026-01-03 10:50:35,296 - INFO - Added 0 unique jobs from remote-marketing-jobs?page=2. Total Unique: 0
2026-01-03 10:50:35,296 - INFO - Rate limiting: Waiting 4.42s...
2026-01-03 10:50:39,714 - INFO - Fetching HTML page 'remote-marketing-jobs?page=3': https://remoteok.com/remote-marketing-jobs?page=3
2026-01-03 10:50:41,033 - INFO - Added 0 unique jobs from remote-marketing-jobs?page=3. Total Unique: 0
2026-01-03 10:50:41,034 - INFO - Rate limiting: Waiting 4.29s...
2026-01-03 10:50:45,320 - INFO - Fetching HTML page 'remote-customer-support-jobs': https://remoteok.com/remote-customer-support-jobs
2026-01-03 10:50:46,652 - INFO - Added 0 unique jobs from remote-customer-support-jobs. Total Unique: 0
2026-01-03 10:50:46,653 - INFO - Rate limiting: Waiting 3.53s...
2026-01-03 10:50:50,186 - INFO - Fetching HTML page 'remote-customer-support-jobs?page=2': https://remoteok.com/remote-customer-support-jobs?page=2
2026-01-03 10:50:53,152 - INFO - Added 0 unique jobs from remote-customer-support-jobs?page=2. Total Unique: 0
2026-01-03 10:50:53,154 - INFO - Rate limiting: Waiting 4.51s...
2026-01-03 10:50:57,665 - INFO - Fetching HTML page 'remote-customer-support-jobs?page=3': https://remoteok.com/remote-customer-support-jobs?page=3
2026-01-03 10:50:59,458 - INFO - Added 0 unique jobs from remote-customer-support-jobs?page=3. Total Unique: 0
2026-01-03 10:50:59,460 - INFO - Rate limiting: Waiting 3.04s...
2026-01-03 10:51:02,504 - INFO - Fetching HTML page 'remote-sales-jobs': https://remoteok.com/remote-sales-jobs
2026-01-03 10:51:03,789 - INFO - Added 0 unique jobs from remote-sales-jobs. Total Unique: 0
2026-01-03 10:51:03,792 - INFO - Rate limiting: Waiting 4.36s...
2026-01-03 10:51:08,157 - INFO - Fetching HTML page 'remote-sales-jobs?page=2': https://remoteok.com/remote-sales-jobs?page=2
2026-01-03 10:51:11,521 - INFO - Added 0 unique jobs from remote-sales-jobs?page=2. Total Unique: 0
2026-01-03 10:51:11,523 - INFO - Rate limiting: Waiting 4.63s...
2026-01-03 10:51:16,160 - INFO - Fetching HTML page 'remote-sales-jobs?page=3': https://remoteok.com/remote-sales-jobs?page=3
2026-01-03 10:51:19,475 - INFO - Added 0 unique jobs from remote-sales-jobs?page=3. Total Unique: 0
2026-01-03 10:51:19,477 - INFO - Rate limiting: Waiting 4.71s...
2026-01-03 10:51:24,190 - INFO - Fetching HTML page 'remote-writing-jobs': https://remoteok.com/remote-writing-jobs
2026-01-03 10:51:25,807 - INFO - Added 0 unique jobs from remote-writing-jobs. Total Unique: 0
2026-01-03 10:51:25,809 - INFO - Rate limiting: Waiting 3.82s...
2026-01-03 10:51:29,636 - INFO - Fetching HTML page 'remote-writing-jobs?page=2': https://remoteok.com/remote-writing-jobs?page=2
2026-01-03 10:51:32,649 - INFO - Added 0 unique jobs from remote-writing-jobs?page=2. Total Unique: 0
2026-01-03 10:51:32,652 - INFO - Rate limiting: Waiting 3.17s...
2026-01-03 10:51:35,821 - INFO - Fetching HTML page 'remote-writing-jobs?page=3': https://remoteok.com/remote-writing-jobs?page=3
2026-01-03 10:51:37,618 - INFO - Added 0 unique jobs from remote-writing-jobs?page=3. Total Unique: 0
2026-01-03 10:51:37,620 - INFO - Rate limiting: Waiting 4.15s...
2026-01-03 10:51:41,772 - INFO - Fetching HTML page 'remote-non-tech-jobs': https://remoteok.com/remote-non-tech-jobs
2026-01-03 10:51:44,256 - INFO - Added 0 unique jobs from remote-non-tech-jobs. Total Unique: 0
2026-01-03 10:51:44,258 - INFO - Rate limiting: Waiting 3.19s...
2026-01-03 10:51:47,452 - INFO - Fetching HTML page 'remote-non-tech-jobs?page=2': https://remoteok.com/remote-non-tech-jobs?page=2
2026-01-03 10:51:50,718 - INFO - Added 0 unique jobs from remote-non-tech-jobs?page=2. Total Unique: 0
2026-01-03 10:51:50,720 - INFO - Rate limiting: Waiting 4.97s...
2026-01-03 10:51:55,687 - INFO - Fetching HTML page 'remote-non-tech-jobs?page=3': https://remoteok.com/remote-non-tech-jobs?page=3
2026-01-03 10:51:57,923 - INFO - Added 0 unique jobs from remote-non-tech-jobs?page=3. Total Unique: 0
2026-01-03 10:51:57,925 - INFO - Rate limiting: Waiting 4.19s...
2026-01-03 10:52:02,117 - WARNING - No jobs were scraped. Skipping file save.
2026-01-03 10:52:52,435 - INFO - Successfully loaded robots.txt
2026-01-03 10:52:52,436 - INFO - Starting Static HTML Scraper. Target: 100 jobs.
2026-01-03 10:52:52,437 - INFO - Fetching HTML page 'remote-jobs': https://remoteok.com/remote-jobs
2026-01-03 10:52:53,668 - INFO - Added 0 unique jobs from remote-jobs. Total Unique: 0
2026-01-03 10:52:53,669 - INFO - Rate limiting: Waiting 4.70s...
2026-01-03 10:52:58,369 - INFO - Fetching HTML page 'remote-jobs?page=2': https://remoteok.com/remote-jobs?page=2
2026-01-03 10:52:59,606 - WARNING - No job listings found on https://remoteok.com/remote-jobs?page=2
2026-01-03 10:52:59,608 - INFO - Rate limiting: Waiting 3.25s...
2026-01-03 10:53:02,856 - INFO - Fetching HTML page 'remote-jobs?page=3': https://remoteok.com/remote-jobs?page=3
2026-01-03 10:53:03,940 - WARNING - No job listings found on https://remoteok.com/remote-jobs?page=3
2026-01-03 10:53:03,941 - INFO - Rate limiting: Waiting 3.11s...
2026-01-03 10:53:07,048 - INFO - Fetching HTML page 'remote-dev-jobs': https://remoteok.com/remote-dev-jobs
2026-01-03 10:53:11,070 - INFO - Added 0 unique jobs from remote-dev-jobs. Total Unique: 0
2026-01-03 10:53:11,071 - INFO - Rate limiting: Waiting 3.79s...
2026-01-03 10:53:14,865 - INFO - Fetching HTML page 'remote-dev-jobs?page=2': https://remoteok.com/remote-dev-jobs?page=2
2026-01-03 10:53:16,087 - INFO - Added 0 unique jobs from remote-dev-jobs?page=2. Total Unique: 0
2026-01-03 10:53:16,087 - INFO - Rate limiting: Waiting 4.69s...
2026-01-03 10:53:20,779 - INFO - Fetching HTML page 'remote-dev-jobs?page=3': https://remoteok.com/remote-dev-jobs?page=3
2026-01-03 10:53:23,231 - INFO - Added 0 unique jobs from remote-dev-jobs?page=3. Total Unique: 0
2026-01-03 10:53:23,232 - INFO - Rate limiting: Waiting 4.09s...
2026-01-03 10:53:27,320 - INFO - Fetching HTML page 'remote-engineer-jobs': https://remoteok.com/remote-engineer-jobs
2026-01-03 10:53:30,174 - INFO - Added 0 unique jobs from remote-engineer-jobs. Total Unique: 0
2026-01-03 10:53:30,175 - INFO - Rate limiting: Waiting 4.23s...
2026-01-03 10:53:34,402 - INFO - Fetching HTML page 'remote-engineer-jobs?page=2': https://remoteok.com/remote-engineer-jobs?page=2
2026-01-03 10:53:36,105 - INFO - Added 0 unique jobs from remote-engineer-jobs?page=2. Total Unique: 0
2026-01-03 10:53:36,107 - INFO - Rate limiting: Waiting 4.31s...
2026-01-03 10:53:40,417 - INFO - Fetching HTML page 'remote-engineer-jobs?page=3': https://remoteok.com/remote-engineer-jobs?page=3
2026-01-03 10:53:41,700 - INFO - Added 0 unique jobs from remote-engineer-jobs?page=3. Total Unique: 0
2026-01-03 10:53:41,700 - INFO - Rate limiting: Waiting 4.21s...
2026-01-03 10:53:45,913 - INFO - Fetching HTML page 'remote-python-jobs': https://remoteok.com/remote-python-jobs
2026-01-03 10:53:49,370 - INFO - Added 0 unique jobs from remote-python-jobs. Total Unique: 0
2026-01-03 10:53:49,371 - INFO - Rate limiting: Waiting 4.41s...
2026-01-03 10:53:53,785 - INFO - Fetching HTML page 'remote-python-jobs?page=2': https://remoteok.com/remote-python-jobs?page=2
2026-01-03 10:53:54,974 - INFO - Added 0 unique jobs from remote-python-jobs?page=2. Total Unique: 0
2026-01-03 10:53:54,975 - INFO - Rate limiting: Waiting 4.89s...
2026-01-03 10:53:59,863 - INFO - Fetching HTML page 'remote-python-jobs?page=3': https://remoteok.com/remote-python-jobs?page=3
2026-01-03 10:54:01,822 - INFO - Added 0 unique jobs from remote-python-jobs?page=3. Total Unique: 0
2026-01-03 10:54:01,823 - INFO - Rate limiting: Waiting 4.40s...
2026-01-03 10:54:06,221 - INFO - Fetching HTML page 'remote-javascript-jobs': https://remoteok.com/remote-javascript-jobs
2026-01-03 10:54:08,044 - INFO - Added 0 unique jobs from remote-javascript-jobs. Total Unique: 0
2026-01-03 10:54:08,045 - INFO - Rate limiting: Waiting 4.78s...
2026-01-03 10:54:12,829 - INFO - Fetching HTML page 'remote-javascript-jobs?page=2': https://remoteok.com/remote-javascript-jobs?page=2
2026-01-03 10:54:15,457 - INFO - Added 0 unique jobs from remote-javascript-jobs?page=2. Total Unique: 0
2026-01-03 10:54:15,458 - INFO - Rate limiting: Waiting 4.50s...
2026-01-03 10:54:19,959 - INFO - Fetching HTML page 'remote-javascript-jobs?page=3': https://remoteok.com/remote-javascript-jobs?page=3
2026-01-03 10:54:21,205 - INFO - Added 0 unique jobs from remote-javascript-jobs?page=3. Total Unique: 0
2026-01-03 10:54:21,206 - INFO - Rate limiting: Waiting 3.32s...
2026-01-03 10:54:24,525 - INFO - Fetching HTML page 'remote-react-jobs': https://remoteok.com/remote-react-jobs
2026-01-03 10:54:27,171 - INFO - Added 0 unique jobs from remote-react-jobs. Total Unique: 0
2026-01-03 10:54:27,172 - INFO - Rate limiting: Waiting 4.25s...
2026-01-03 10:54:31,424 - INFO - Fetching HTML page 'remote-react-jobs?page=2': https://remoteok.com/remote-react-jobs?page=2
2026-01-03 10:54:32,885 - INFO - Added 0 unique jobs from remote-react-jobs?page=2. Total Unique: 0
2026-01-03 10:54:32,886 - INFO - Rate limiting: Waiting 3.20s...
2026-01-03 10:54:36,084 - INFO - Fetching HTML page 'remote-react-jobs?page=3': https://remoteok.com/remote-react-jobs?page=3
2026-01-03 10:54:37,091 - INFO - Added 0 unique jobs from remote-react-jobs?page=3. Total Unique: 0
2026-01-03 10:54:37,092 - INFO - Rate limiting: Waiting 3.57s...
2026-01-03 10:54:40,665 - INFO - Fetching HTML page 'remote-backend-jobs': https://remoteok.com/remote-backend-jobs
2026-01-03 10:54:42,327 - INFO - Added 0 unique jobs from remote-backend-jobs. Total Unique: 0
2026-01-03 10:54:42,328 - INFO - Rate limiting: Waiting 4.21s...
2026-01-03 10:54:46,541 - INFO - Fetching HTML page 'remote-backend-jobs?page=2': https://remoteok.com/remote-backend-jobs?page=2
2026-01-03 10:54:48,575 - INFO - Added 0 unique jobs from remote-backend-jobs?page=2. Total Unique: 0
2026-01-03 10:54:48,576 - INFO - Rate limiting: Waiting 3.73s...
2026-01-03 10:54:52,304 - INFO - Fetching HTML page 'remote-backend-jobs?page=3': https://remoteok.com/remote-backend-jobs?page=3
2026-01-03 10:54:53,692 - INFO - Added 0 unique jobs from remote-backend-jobs?page=3. Total Unique: 0
2026-01-03 10:54:53,693 - INFO - Rate limiting: Waiting 4.94s...
2026-01-03 10:54:58,639 - INFO - Fetching HTML page 'remote-frontend-jobs': https://remoteok.com/remote-frontend-jobs
2026-01-03 10:55:01,723 - INFO - Added 0 unique jobs from remote-frontend-jobs. Total Unique: 0
2026-01-03 10:55:01,724 - INFO - Rate limiting: Waiting 3.21s...
2026-01-03 10:55:04,936 - INFO - Fetching HTML page 'remote-frontend-jobs?page=2': https://remoteok.com/remote-frontend-jobs?page=2
2026-01-03 10:55:06,975 - INFO - Added 0 unique jobs from remote-frontend-jobs?page=2. Total Unique: 0
2026-01-03 10:55:06,976 - INFO - Rate limiting: Waiting 3.21s...
2026-01-03 10:55:10,190 - INFO - Fetching HTML page 'remote-frontend-jobs?page=3': https://remoteok.com/remote-frontend-jobs?page=3
2026-01-03 10:55:13,562 - INFO - Added 0 unique jobs from remote-frontend-jobs?page=3. Total Unique: 0
2026-01-03 10:55:13,563 - INFO - Rate limiting: Waiting 3.11s...
2026-01-03 10:55:16,672 - INFO - Fetching HTML page 'remote-full-stack-jobs': https://remoteok.com/remote-full-stack-jobs
2026-01-03 10:55:18,481 - INFO - Added 0 unique jobs from remote-full-stack-jobs. Total Unique: 0
2026-01-03 10:55:18,482 - INFO - Rate limiting: Waiting 4.16s...
2026-01-03 10:55:22,646 - INFO - Fetching HTML page 'remote-full-stack-jobs?page=2': https://remoteok.com/remote-full-stack-jobs?page=2
2026-01-03 10:55:26,803 - INFO - Added 0 unique jobs from remote-full-stack-jobs?page=2. Total Unique: 0
2026-01-03 10:55:26,804 - INFO - Rate limiting: Waiting 3.08s...
2026-01-03 10:55:29,884 - INFO - Fetching HTML page 'remote-full-stack-jobs?page=3': https://remoteok.com/remote-full-stack-jobs?page=3
2026-01-03 10:55:31,144 - INFO - Added 0 unique jobs from remote-full-stack-jobs?page=3. Total Unique: 0
2026-01-03 10:55:31,145 - INFO - Rate limiting: Waiting 4.78s...
2026-01-03 10:55:35,926 - INFO - Fetching HTML page 'remote-data-jobs': https://remoteok.com/remote-data-jobs
2026-01-03 10:55:39,378 - INFO - Added 0 unique jobs from remote-data-jobs. Total Unique: 0
2026-01-03 10:55:39,379 - INFO - Rate limiting: Waiting 3.58s...
2026-01-03 10:55:42,956 - INFO - Fetching HTML page 'remote-data-jobs?page=2': https://remoteok.com/remote-data-jobs?page=2
2026-01-03 10:55:45,198 - INFO - Added 0 unique jobs from remote-data-jobs?page=2. Total Unique: 0
2026-01-03 10:55:45,198 - INFO - Rate limiting: Waiting 4.73s...
2026-01-03 10:55:49,933 - INFO - Fetching HTML page 'remote-data-jobs?page=3': https://remoteok.com/remote-data-jobs?page=3
2026-01-03 10:55:52,674 - INFO - Added 0 unique jobs from remote-data-jobs?page=3. Total Unique: 0
2026-01-03 10:55:52,675 - INFO - Rate limiting: Waiting 3.32s...
2026-01-03 10:55:56,002 - INFO - Fetching HTML page 'remote-design-jobs': https://remoteok.com/remote-design-jobs
2026-01-03 10:55:58,655 - INFO - Added 0 unique jobs from remote-design-jobs. Total Unique: 0
2026-01-03 10:55:58,656 - INFO - Rate limiting: Waiting 3.59s...
2026-01-03 10:56:02,245 - INFO - Fetching HTML page 'remote-design-jobs?page=2': https://remoteok.com/remote-design-jobs?page=2
2026-01-03 10:56:03,302 - INFO - Added 0 unique jobs from remote-design-jobs?page=2. Total Unique: 0
2026-01-03 10:56:03,302 - INFO - Rate limiting: Waiting 3.88s...
2026-01-03 10:56:07,188 - INFO - Fetching HTML page 'remote-design-jobs?page=3': https://remoteok.com/remote-design-jobs?page=3
2026-01-03 10:56:08,429 - INFO - Added 0 unique jobs from remote-design-jobs?page=3. Total Unique: 0
2026-01-03 10:56:08,430 - INFO - Rate limiting: Waiting 3.69s...
2026-01-03 10:56:12,119 - INFO - Fetching HTML page 'remote-marketing-jobs': https://remoteok.com/remote-marketing-jobs
2026-01-03 10:56:13,356 - INFO - Added 0 unique jobs from remote-marketing-jobs. Total Unique: 0
2026-01-03 10:56:13,357 - INFO - Rate limiting: Waiting 3.59s...
2026-01-03 10:56:16,951 - INFO - Fetching HTML page 'remote-marketing-jobs?page=2': https://remoteok.com/remote-marketing-jobs?page=2
2026-01-03 10:56:18,332 - INFO - Added 0 unique jobs from remote-marketing-jobs?page=2. Total Unique: 0
2026-01-03 10:56:18,333 - INFO - Rate limiting: Waiting 4.80s...
2026-01-03 10:56:23,134 - INFO - Fetching HTML page 'remote-marketing-jobs?page=3': https://remoteok.com/remote-marketing-jobs?page=3
2026-01-03 10:56:24,693 - INFO - Added 0 unique jobs from remote-marketing-jobs?page=3. Total Unique: 0
2026-01-03 10:56:24,694 - INFO - Rate limiting: Waiting 4.01s...
2026-01-03 10:56:28,702 - INFO - Fetching HTML page 'remote-customer-support-jobs': https://remoteok.com/remote-customer-support-jobs
2026-01-03 10:56:30,997 - INFO - Added 0 unique jobs from remote-customer-support-jobs. Total Unique: 0
2026-01-03 10:56:30,998 - INFO - Rate limiting: Waiting 4.28s...
2026-01-03 10:56:35,284 - INFO - Fetching HTML page 'remote-customer-support-jobs?page=2': https://remoteok.com/remote-customer-support-jobs?page=2
2026-01-03 10:56:37,773 - INFO - Added 0 unique jobs from remote-customer-support-jobs?page=2. Total Unique: 0
2026-01-03 10:56:37,774 - INFO - Rate limiting: Waiting 3.38s...
2026-01-03 10:56:41,152 - INFO - Fetching HTML page 'remote-customer-support-jobs?page=3': https://remoteok.com/remote-customer-support-jobs?page=3
2026-01-03 10:56:42,278 - INFO - Added 0 unique jobs from remote-customer-support-jobs?page=3. Total Unique: 0
2026-01-03 10:56:42,278 - INFO - Rate limiting: Waiting 3.54s...
2026-01-03 10:56:45,819 - INFO - Fetching HTML page 'remote-sales-jobs': https://remoteok.com/remote-sales-jobs
2026-01-03 10:56:46,988 - INFO - Added 0 unique jobs from remote-sales-jobs. Total Unique: 0
2026-01-03 10:56:46,989 - INFO - Rate limiting: Waiting 3.55s...
2026-01-03 10:56:50,542 - INFO - Fetching HTML page 'remote-sales-jobs?page=2': https://remoteok.com/remote-sales-jobs?page=2
2026-01-03 10:56:54,722 - INFO - Added 0 unique jobs from remote-sales-jobs?page=2. Total Unique: 0
2026-01-03 10:56:54,724 - INFO - Rate limiting: Waiting 3.45s...
2026-01-03 10:56:58,173 - INFO - Fetching HTML page 'remote-sales-jobs?page=3': https://remoteok.com/remote-sales-jobs?page=3
2026-01-03 10:56:59,327 - INFO - Added 0 unique jobs from remote-sales-jobs?page=3. Total Unique: 0
2026-01-03 10:56:59,329 - INFO - Rate limiting: Waiting 3.34s...
2026-01-03 10:57:02,673 - INFO - Fetching HTML page 'remote-writing-jobs': https://remoteok.com/remote-writing-jobs
2026-01-03 10:57:04,281 - INFO - Added 0 unique jobs from remote-writing-jobs. Total Unique: 0
2026-01-03 10:57:04,283 - INFO - Rate limiting: Waiting 4.94s...
2026-01-03 10:57:09,225 - INFO - Fetching HTML page 'remote-writing-jobs?page=2': https://remoteok.com/remote-writing-jobs?page=2
2026-01-03 10:57:10,766 - INFO - Added 0 unique jobs from remote-writing-jobs?page=2. Total Unique: 0
2026-01-03 10:57:10,768 - INFO - Rate limiting: Waiting 3.95s...
2026-01-03 10:57:14,715 - INFO - Fetching HTML page 'remote-writing-jobs?page=3': https://remoteok.com/remote-writing-jobs?page=3
2026-01-03 10:57:19,056 - INFO - Added 0 unique jobs from remote-writing-jobs?page=3. Total Unique: 0
2026-01-03 10:57:19,059 - INFO - Rate limiting: Waiting 4.85s...
2026-01-03 10:57:23,909 - INFO - Fetching HTML page 'remote-non-tech-jobs': https://remoteok.com/remote-non-tech-jobs
2026-01-03 10:57:25,033 - INFO - Added 0 unique jobs from remote-non-tech-jobs. Total Unique: 0
2026-01-03 10:57:25,035 - INFO - Rate limiting: Waiting 3.64s...
2026-01-03 10:57:28,673 - INFO - Fetching HTML page 'remote-non-tech-jobs?page=2': https://remoteok.com/remote-non-tech-jobs?page=2
2026-01-03 10:57:32,450 - INFO - Added 0 unique jobs from remote-non-tech-jobs?page=2. Total Unique: 0
2026-01-03 10:57:32,452 - INFO - Rate limiting: Waiting 4.93s...
2026-01-03 10:57:37,385 - INFO - Fetching HTML page 'remote-non-tech-jobs?page=3': https://remoteok.com/remote-non-tech-jobs?page=3
2026-01-03 10:57:38,663 - INFO - Added 0 unique jobs from remote-non-tech-jobs?page=3. Total Unique: 0
2026-01-03 10:57:38,666 - INFO - Rate limiting: Waiting 3.31s...
2026-01-03 10:57:41,976 - WARNING - No jobs were scraped. Skipping file save.
2026-01-03 11:00:23,266 - INFO - Successfully loaded robots.txt
2026-01-03 11:00:23,267 - INFO - Starting Static HTML Scraper. Target: 100 jobs.
2026-01-03 11:00:23,268 - INFO - Fetching HTML page 'remote-jobs': https://remoteok.com/remote-jobs
2026-01-03 11:00:24,262 - INFO - Added 0 unique jobs from remote-jobs. Total Unique: 0
2026-01-03 11:00:24,263 - INFO - Rate limiting: Waiting 3.40s...
2026-01-03 11:00:27,663 - INFO - Fetching HTML page 'remote-jobs?page=2': https://remoteok.com/remote-jobs?page=2
2026-01-03 11:00:28,604 - WARNING - No job listings found on https://remoteok.com/remote-jobs?page=2
2026-01-03 11:00:28,633 - INFO - Rate limiting: Waiting 4.63s...
2026-01-03 11:00:33,267 - INFO - Fetching HTML page 'remote-jobs?page=3': https://remoteok.com/remote-jobs?page=3
2026-01-03 11:00:34,909 - WARNING - No job listings found on https://remoteok.com/remote-jobs?page=3
2026-01-03 11:00:34,924 - INFO - Rate limiting: Waiting 4.76s...
2026-01-03 11:00:39,681 - INFO - Fetching HTML page 'remote-dev-jobs': https://remoteok.com/remote-dev-jobs
2026-01-03 11:00:58,605 - INFO - Added 0 unique jobs from remote-dev-jobs. Total Unique: 0
2026-01-03 11:00:58,605 - INFO - Rate limiting: Waiting 4.08s...
2026-01-03 11:01:02,684 - INFO - Fetching HTML page 'remote-dev-jobs?page=2': https://remoteok.com/remote-dev-jobs?page=2
2026-01-03 11:01:08,050 - INFO - Added 0 unique jobs from remote-dev-jobs?page=2. Total Unique: 0
2026-01-03 11:01:08,051 - INFO - Rate limiting: Waiting 4.83s...
2026-01-03 11:01:12,884 - INFO - Fetching HTML page 'remote-dev-jobs?page=3': https://remoteok.com/remote-dev-jobs?page=3
2026-01-03 11:01:13,948 - INFO - Added 0 unique jobs from remote-dev-jobs?page=3. Total Unique: 0
2026-01-03 11:01:13,949 - INFO - Rate limiting: Waiting 3.92s...
2026-01-03 11:01:17,871 - INFO - Fetching HTML page 'remote-engineer-jobs': https://remoteok.com/remote-engineer-jobs
2026-01-03 11:01:20,640 - INFO - Added 0 unique jobs from remote-engineer-jobs. Total Unique: 0
2026-01-03 11:01:20,641 - INFO - Rate limiting: Waiting 4.64s...
2026-01-03 11:01:25,279 - INFO - Fetching HTML page 'remote-engineer-jobs?page=2': https://remoteok.com/remote-engineer-jobs?page=2
2026-01-03 11:01:28,096 - INFO - Added 0 unique jobs from remote-engineer-jobs?page=2. Total Unique: 0
2026-01-03 11:01:28,097 - INFO - Rate limiting: Waiting 3.09s...
2026-01-03 11:01:31,184 - INFO - Fetching HTML page 'remote-engineer-jobs?page=3': https://remoteok.com/remote-engineer-jobs?page=3
2026-01-03 11:01:32,598 - INFO - Added 0 unique jobs from remote-engineer-jobs?page=3. Total Unique: 0
2026-01-03 11:01:32,598 - INFO - Rate limiting: Waiting 4.86s...
2026-01-03 11:01:37,456 - INFO - Fetching HTML page 'remote-python-jobs': https://remoteok.com/remote-python-jobs
2026-01-03 11:01:38,512 - INFO - Added 0 unique jobs from remote-python-jobs. Total Unique: 0
2026-01-03 11:01:38,513 - INFO - Rate limiting: Waiting 3.07s...
2026-01-03 11:01:41,582 - INFO - Fetching HTML page 'remote-python-jobs?page=2': https://remoteok.com/remote-python-jobs?page=2
2026-01-03 11:01:45,044 - INFO - Added 0 unique jobs from remote-python-jobs?page=2. Total Unique: 0
2026-01-03 11:01:45,045 - INFO - Rate limiting: Waiting 3.43s...
2026-01-03 11:01:48,477 - INFO - Fetching HTML page 'remote-python-jobs?page=3': https://remoteok.com/remote-python-jobs?page=3
2026-01-03 11:01:50,115 - INFO - Added 0 unique jobs from remote-python-jobs?page=3. Total Unique: 0
2026-01-03 11:01:50,116 - INFO - Rate limiting: Waiting 3.03s...
2026-01-03 11:01:53,147 - INFO - Fetching HTML page 'remote-javascript-jobs': https://remoteok.com/remote-javascript-jobs
2026-01-03 11:01:55,836 - INFO - Added 0 unique jobs from remote-javascript-jobs. Total Unique: 0
2026-01-03 11:01:55,837 - INFO - Rate limiting: Waiting 3.51s...
2026-01-03 11:01:59,347 - INFO - Fetching HTML page 'remote-javascript-jobs?page=2': https://remoteok.com/remote-javascript-jobs?page=2
2026-01-03 11:02:00,435 - INFO - Added 0 unique jobs from remote-javascript-jobs?page=2. Total Unique: 0
2026-01-03 11:02:00,436 - INFO - Rate limiting: Waiting 4.52s...
2026-01-03 11:02:04,961 - INFO - Fetching HTML page 'remote-javascript-jobs?page=3': https://remoteok.com/remote-javascript-jobs?page=3
2026-01-03 11:02:08,533 - INFO - Added 0 unique jobs from remote-javascript-jobs?page=3. Total Unique: 0
2026-01-03 11:02:08,534 - INFO - Rate limiting: Waiting 4.65s...
2026-01-03 11:02:13,189 - INFO - Fetching HTML page 'remote-react-jobs': https://remoteok.com/remote-react-jobs
2026-01-03 11:02:29,198 - ERROR - Network error on page remote-react-jobs: HTTPSConnectionPool(host='remoteok.com', port=443): Read timed out.
2026-01-03 11:02:29,199 - INFO - Rate limiting: Waiting 3.76s...
2026-01-03 11:02:32,957 - INFO - Fetching HTML page 'remote-react-jobs?page=2': https://remoteok.com/remote-react-jobs?page=2
2026-01-03 11:02:34,488 - INFO - Added 0 unique jobs from remote-react-jobs?page=2. Total Unique: 0
2026-01-03 11:02:34,489 - INFO - Rate limiting: Waiting 4.10s...
2026-01-03 11:02:38,591 - INFO - Fetching HTML page 'remote-react-jobs?page=3': https://remoteok.com/remote-react-jobs?page=3
2026-01-03 11:02:41,249 - INFO - Added 0 unique jobs from remote-react-jobs?page=3. Total Unique: 0
2026-01-03 11:02:41,250 - INFO - Rate limiting: Waiting 4.80s...
2026-01-03 11:02:46,048 - INFO - Fetching HTML page 'remote-backend-jobs': https://remoteok.com/remote-backend-jobs
2026-01-03 11:02:49,036 - INFO - Added 0 unique jobs from remote-backend-jobs. Total Unique: 0
2026-01-03 11:02:49,037 - INFO - Rate limiting: Waiting 3.39s...
2026-01-03 11:02:52,426 - INFO - Fetching HTML page 'remote-backend-jobs?page=2': https://remoteok.com/remote-backend-jobs?page=2
2026-01-03 11:02:56,277 - INFO - Added 0 unique jobs from remote-backend-jobs?page=2. Total Unique: 0
2026-01-03 11:02:56,278 - INFO - Rate limiting: Waiting 3.30s...
2026-01-03 11:02:59,580 - INFO - Fetching HTML page 'remote-backend-jobs?page=3': https://remoteok.com/remote-backend-jobs?page=3
2026-01-03 11:03:00,734 - INFO - Added 0 unique jobs from remote-backend-jobs?page=3. Total Unique: 0
2026-01-03 11:03:00,735 - INFO - Rate limiting: Waiting 3.87s...
2026-01-03 11:03:04,602 - INFO - Fetching HTML page 'remote-frontend-jobs': https://remoteok.com/remote-frontend-jobs
2026-01-03 11:03:06,844 - INFO - Added 0 unique jobs from remote-frontend-jobs. Total Unique: 0
2026-01-03 11:03:06,845 - INFO - Rate limiting: Waiting 3.11s...
2026-01-03 11:03:09,961 - INFO - Fetching HTML page 'remote-frontend-jobs?page=2': https://remoteok.com/remote-frontend-jobs?page=2
2026-01-03 11:03:11,630 - INFO - Added 0 unique jobs from remote-frontend-jobs?page=2. Total Unique: 0
2026-01-03 11:03:11,631 - INFO - Rate limiting: Waiting 3.98s...
2026-01-03 11:03:15,610 - INFO - Fetching HTML page 'remote-frontend-jobs?page=3': https://remoteok.com/remote-frontend-jobs?page=3
2026-01-03 11:03:25,106 - INFO - Added 0 unique jobs from remote-frontend-jobs?page=3. Total Unique: 0
2026-01-03 11:03:25,107 - INFO - Rate limiting: Waiting 3.92s...
2026-01-03 11:03:29,024 - INFO - Fetching HTML page 'remote-full-stack-jobs': https://remoteok.com/remote-full-stack-jobs
2026-01-03 11:03:33,384 - INFO - Added 0 unique jobs from remote-full-stack-jobs. Total Unique: 0
2026-01-03 11:03:33,385 - INFO - Rate limiting: Waiting 4.95s...
2026-01-03 11:03:38,332 - INFO - Fetching HTML page 'remote-full-stack-jobs?page=2': https://remoteok.com/remote-full-stack-jobs?page=2
2026-01-03 11:03:39,927 - INFO - Added 0 unique jobs from remote-full-stack-jobs?page=2. Total Unique: 0
2026-01-03 11:03:39,928 - INFO - Rate limiting: Waiting 3.89s...
2026-01-03 11:03:43,822 - INFO - Fetching HTML page 'remote-full-stack-jobs?page=3': https://remoteok.com/remote-full-stack-jobs?page=3
2026-01-03 11:03:45,949 - INFO - Added 0 unique jobs from remote-full-stack-jobs?page=3. Total Unique: 0
2026-01-03 11:03:45,951 - INFO - Rate limiting: Waiting 4.19s...
2026-01-03 11:03:50,142 - INFO - Fetching HTML page 'remote-data-jobs': https://remoteok.com/remote-data-jobs
2026-01-03 11:03:53,526 - INFO - Added 0 unique jobs from remote-data-jobs. Total Unique: 0
2026-01-03 11:03:53,527 - INFO - Rate limiting: Waiting 4.58s...
2026-01-03 11:03:58,107 - INFO - Fetching HTML page 'remote-data-jobs?page=2': https://remoteok.com/remote-data-jobs?page=2
2026-01-03 11:03:59,764 - INFO - Added 0 unique jobs from remote-data-jobs?page=2. Total Unique: 0
2026-01-03 11:03:59,765 - INFO - Rate limiting: Waiting 3.90s...
2026-01-03 11:04:03,664 - INFO - Fetching HTML page 'remote-data-jobs?page=3': https://remoteok.com/remote-data-jobs?page=3
2026-01-03 11:04:05,190 - INFO - Added 0 unique jobs from remote-data-jobs?page=3. Total Unique: 0
2026-01-03 11:04:05,191 - INFO - Rate limiting: Waiting 4.88s...
2026-01-03 11:04:10,075 - INFO - Fetching HTML page 'remote-design-jobs': https://remoteok.com/remote-design-jobs
2026-01-03 11:04:12,316 - INFO - Added 0 unique jobs from remote-design-jobs. Total Unique: 0
2026-01-03 11:04:12,318 - INFO - Rate limiting: Waiting 4.34s...
2026-01-03 11:04:16,659 - INFO - Fetching HTML page 'remote-design-jobs?page=2': https://remoteok.com/remote-design-jobs?page=2
2026-01-03 11:04:20,167 - INFO - Added 0 unique jobs from remote-design-jobs?page=2. Total Unique: 0
2026-01-03 11:04:20,168 - INFO - Rate limiting: Waiting 3.38s...
2026-01-03 11:04:23,546 - INFO - Fetching HTML page 'remote-design-jobs?page=3': https://remoteok.com/remote-design-jobs?page=3
2026-01-03 11:04:24,943 - INFO - Added 0 unique jobs from remote-design-jobs?page=3. Total Unique: 0
2026-01-03 11:04:24,944 - INFO - Rate limiting: Waiting 4.34s...
2026-01-03 11:04:29,286 - INFO - Fetching HTML page 'remote-marketing-jobs': https://remoteok.com/remote-marketing-jobs
2026-01-03 11:04:32,351 - INFO - Added 0 unique jobs from remote-marketing-jobs. Total Unique: 0
2026-01-03 11:04:32,351 - INFO - Rate limiting: Waiting 4.77s...
2026-01-03 11:04:37,127 - INFO - Fetching HTML page 'remote-marketing-jobs?page=2': https://remoteok.com/remote-marketing-jobs?page=2
2026-01-03 11:04:39,416 - INFO - Added 0 unique jobs from remote-marketing-jobs?page=2. Total Unique: 0
2026-01-03 11:04:39,417 - INFO - Rate limiting: Waiting 3.45s...
2026-01-03 11:04:42,869 - INFO - Fetching HTML page 'remote-marketing-jobs?page=3': https://remoteok.com/remote-marketing-jobs?page=3
2026-01-03 11:04:46,587 - INFO - Added 0 unique jobs from remote-marketing-jobs?page=3. Total Unique: 0
2026-01-03 11:04:46,587 - INFO - Rate limiting: Waiting 4.15s...
2026-01-03 11:04:50,740 - INFO - Fetching HTML page 'remote-customer-support-jobs': https://remoteok.com/remote-customer-support-jobs
2026-01-03 11:04:52,145 - INFO - Added 0 unique jobs from remote-customer-support-jobs. Total Unique: 0
2026-01-03 11:04:52,146 - INFO - Rate limiting: Waiting 4.41s...
2026-01-03 11:04:56,563 - INFO - Fetching HTML page 'remote-customer-support-jobs?page=2': https://remoteok.com/remote-customer-support-jobs?page=2
2026-01-03 11:04:59,968 - INFO - Added 0 unique jobs from remote-customer-support-jobs?page=2. Total Unique: 0
2026-01-03 11:04:59,970 - INFO - Rate limiting: Waiting 3.57s...
2026-01-03 11:05:03,541 - INFO - Fetching HTML page 'remote-customer-support-jobs?page=3': https://remoteok.com/remote-customer-support-jobs?page=3
2026-01-03 11:05:06,692 - INFO - Added 0 unique jobs from remote-customer-support-jobs?page=3. Total Unique: 0
2026-01-03 11:05:06,694 - INFO - Rate limiting: Waiting 4.35s...
2026-01-03 11:05:08,855 - INFO - Successfully loaded robots.txt
2026-01-03 11:05:08,855 - INFO - Starting Static HTML Scraper. Target: 100 jobs.
2026-01-03 11:05:08,856 - INFO - Fetching HTML page 'remote-jobs': https://remoteok.com/remote-jobs
2026-01-03 11:05:10,924 - INFO - Added 0 unique jobs from remote-jobs. Total Unique: 0
2026-01-03 11:05:10,925 - INFO - Rate limiting: Waiting 3.43s...
2026-01-03 11:05:11,048 - INFO - Fetching HTML page 'remote-sales-jobs': https://remoteok.com/remote-sales-jobs
2026-01-03 11:05:12,745 - INFO - Added 0 unique jobs from remote-sales-jobs. Total Unique: 0
2026-01-03 11:05:12,746 - INFO - Rate limiting: Waiting 4.59s...
2026-01-03 11:05:14,357 - INFO - Fetching HTML page 'remote-jobs?page=2': https://remoteok.com/remote-jobs?page=2
2026-01-03 11:05:17,339 - INFO - Fetching HTML page 'remote-sales-jobs?page=2': https://remoteok.com/remote-sales-jobs?page=2
2026-01-03 11:05:18,666 - INFO - Added 0 unique jobs from remote-sales-jobs?page=2. Total Unique: 0
2026-01-03 11:05:18,667 - INFO - Rate limiting: Waiting 4.90s...
2026-01-03 11:05:23,566 - INFO - Fetching HTML page 'remote-sales-jobs?page=3': https://remoteok.com/remote-sales-jobs?page=3
2026-01-03 11:05:25,477 - INFO - Added 0 unique jobs from remote-sales-jobs?page=3. Total Unique: 0
2026-01-03 11:05:25,478 - INFO - Rate limiting: Waiting 3.57s...
2026-01-03 11:05:29,047 - INFO - Fetching HTML page 'remote-writing-jobs': https://remoteok.com/remote-writing-jobs
2026-01-03 11:05:30,511 - INFO - Added 0 unique jobs from remote-writing-jobs. Total Unique: 0
2026-01-03 11:05:30,512 - INFO - Rate limiting: Waiting 4.10s...
2026-01-03 11:05:31,372 - ERROR - Network error on page remote-jobs?page=2: HTTPSConnectionPool(host='remoteok.com', port=443): Read timed out.
2026-01-03 11:05:31,373 - INFO - Rate limiting: Waiting 3.87s...
2026-01-03 11:05:34,618 - INFO - Fetching HTML page 'remote-writing-jobs?page=2': https://remoteok.com/remote-writing-jobs?page=2
2026-01-03 11:05:35,244 - INFO - Fetching HTML page 'remote-jobs?page=3': https://remoteok.com/remote-jobs?page=3
2026-01-03 11:05:36,161 - WARNING - No HTML job rows found on https://remoteok.com/remote-jobs?page=3. Checking for JSON feed...
2026-01-03 11:05:36,162 - INFO - Found JSON feed at https://remoteok.com/remote-jobs.json. Fetching...
2026-01-03 11:05:38,531 - INFO - Extracted 100 jobs from JSON feed. Total Unique: 100
2026-01-03 11:05:38,533 - INFO - Rate limiting: Waiting 4.71s...
2026-01-03 11:05:38,698 - INFO - Added 0 unique jobs from remote-writing-jobs?page=2. Total Unique: 0
2026-01-03 11:05:38,699 - INFO - Rate limiting: Waiting 4.87s...
2026-01-03 11:05:43,290 - INFO - Successfully saved 100 jobs to data\raw\remoteok_raw.csv
2026-01-03 11:05:43,568 - INFO - Fetching HTML page 'remote-writing-jobs?page=3': https://remoteok.com/remote-writing-jobs?page=3
2026-01-03 11:05:45,417 - INFO - Added 0 unique jobs from remote-writing-jobs?page=3. Total Unique: 0
2026-01-03 11:05:45,418 - INFO - Rate limiting: Waiting 4.29s...
2026-01-03 11:05:49,714 - INFO - Fetching HTML page 'remote-non-tech-jobs': https://remoteok.com/remote-non-tech-jobs
2026-01-03 11:05:51,465 - INFO - Added 0 unique jobs from remote-non-tech-jobs. Total Unique: 0
2026-01-03 11:05:51,466 - INFO - Rate limiting: Waiting 3.14s...
2026-01-03 11:05:54,607 - INFO - Fetching HTML page 'remote-non-tech-jobs?page=2': https://remoteok.com/remote-non-tech-jobs?page=2
2026-01-03 11:05:55,870 - INFO - Added 0 unique jobs from remote-non-tech-jobs?page=2. Total Unique: 0
2026-01-03 11:05:55,871 - INFO - Rate limiting: Waiting 4.11s...
2026-01-03 11:05:59,987 - INFO - Fetching HTML page 'remote-non-tech-jobs?page=3': https://remoteok.com/remote-non-tech-jobs?page=3
2026-01-03 11:06:01,181 - INFO - Added 0 unique jobs from remote-non-tech-jobs?page=3. Total Unique: 0
2026-01-03 11:06:01,182 - INFO - Rate limiting: Waiting 4.30s...
2026-01-03 11:06:05,486 - WARNING - No jobs were scraped. Skipping file save.
2026-01-03 11:12:57,586 - INFO - Successfully loaded robots.txt
2026-01-03 11:12:57,587 - INFO - Starting Static HTML Scraper. Target: 100 jobs.
2026-01-03 11:12:57,588 - INFO - Fetching HTML page 'remote-jobs': https://remoteok.com/remote-jobs
2026-01-03 11:12:59,009 - WARNING - No jobs extracted via HTML for https://remoteok.com/remote-jobs. Attempting JSON fallback...
2026-01-03 11:12:59,010 - INFO - Found JSON feed at https://remoteok.com/remote-jobs.json. Fetching...
2026-01-03 11:13:01,878 - INFO - Fallback: Extracted 100 jobs from JSON feed.
2026-01-03 11:13:01,890 - INFO - Rate limiting: Waiting 3.36s...
2026-01-03 11:13:05,267 - INFO - Successfully saved 100 jobs to data\raw\remoteok_raw.csv
2026-01-03 11:22:02,203 - INFO - Successfully loaded robots.txt
2026-01-03 11:22:02,204 - INFO - Starting Static HTML Scraper. Target: 600 jobs.
2026-01-03 11:22:02,204 - INFO - Fetching HTML page 'remote-jobs': https://remoteok.com/remote-jobs
2026-01-03 11:22:03,565 - WARNING - No jobs extracted via HTML for https://remoteok.com/remote-jobs. Attempting JSON fallback...
2026-01-03 11:22:03,566 - INFO - Found JSON feed at https://remoteok.com/remote-jobs.json. Fetching...
2026-01-03 11:22:06,334 - INFO - Fallback: Extracted 100 jobs from JSON feed.
2026-01-03 11:22:06,335 - INFO - Rate limiting: Waiting 3.01s...
2026-01-03 11:22:09,346 - INFO - Fetching HTML page 'remote-jobs?page=2': https://remoteok.com/remote-jobs?page=2
2026-01-03 11:22:11,858 - WARNING - No jobs extracted via HTML for https://remoteok.com/remote-jobs?page=2. Attempting JSON fallback...
2026-01-03 11:22:11,860 - INFO - Found JSON feed at https://remoteok.com/remote-jobs.json. Fetching...
2026-01-03 11:22:14,185 - INFO - Fallback: Extracted 0 jobs from JSON feed.
2026-01-03 11:22:14,186 - INFO - Rate limiting: Waiting 3.71s...
2026-01-03 11:22:17,899 - INFO - Fetching HTML page 'remote-jobs?page=3': https://remoteok.com/remote-jobs?page=3
2026-01-03 11:22:18,945 - WARNING - No jobs extracted via HTML for https://remoteok.com/remote-jobs?page=3. Attempting JSON fallback...
2026-01-03 11:22:18,946 - INFO - Found JSON feed at https://remoteok.com/remote-jobs.json. Fetching...
2026-01-03 11:22:22,520 - INFO - Fallback: Extracted 0 jobs from JSON feed.
2026-01-03 11:22:22,521 - INFO - Rate limiting: Waiting 3.45s...
2026-01-03 11:22:25,968 - INFO - Fetching HTML page 'remote-dev-jobs': https://remoteok.com/remote-dev-jobs
2026-01-03 11:22:41,958 - ERROR - Network error on page remote-dev-jobs: HTTPSConnectionPool(host='remoteok.com', port=443): Read timed out.
2026-01-03 11:22:41,959 - INFO - Rate limiting: Waiting 3.83s...
2026-01-03 11:22:45,795 - INFO - Fetching HTML page 'remote-dev-jobs?page=2': https://remoteok.com/remote-dev-jobs?page=2
2026-01-03 11:23:02,316 - ERROR - Network error on page remote-dev-jobs?page=2: HTTPSConnectionPool(host='remoteok.com', port=443): Read timed out.
2026-01-03 11:23:02,316 - INFO - Rate limiting: Waiting 4.22s...
2026-01-03 11:23:06,537 - INFO - Fetching HTML page 'remote-dev-jobs?page=3': https://remoteok.com/remote-dev-jobs?page=3
2026-01-03 11:23:12,166 - WARNING - No jobs extracted via HTML for https://remoteok.com/remote-dev-jobs?page=3. Attempting JSON fallback...
2026-01-03 11:23:12,167 - INFO - Found JSON feed at https://remoteok.com/remote-dev-jobs.json. Fetching...
2026-01-03 11:23:15,849 - INFO - Fallback: Extracted 93 jobs from JSON feed.
2026-01-03 11:23:15,850 - INFO - Rate limiting: Waiting 4.04s...
2026-01-03 11:23:19,888 - INFO - Fetching HTML page 'remote-engineer-jobs': https://remoteok.com/remote-engineer-jobs
2026-01-03 11:25:15,970 - INFO - Successfully loaded robots.txt
2026-01-03 11:25:15,970 - INFO - Starting Direct JSON Scraper. Target: 600 jobs.
2026-01-03 11:25:15,971 - INFO - Fetching JSON Feed: https://remoteok.com/remote-hr-jobs.json
2026-01-03 11:25:18,495 - INFO - Extracted 21 new jobs from remote-hr-jobs. Total Unique: 21
2026-01-03 11:25:18,496 - INFO - Sleeping 3.98s...
2026-01-03 11:25:22,482 - INFO - Fetching JSON Feed: https://remoteok.com/remote-customer-support-jobs.json
2026-01-03 11:25:23,581 - INFO - Extracted 2 new jobs from remote-customer-support-jobs. Total Unique: 23
2026-01-03 11:25:23,582 - INFO - Sleeping 2.75s...
2026-01-03 11:25:26,332 - INFO - Fetching JSON Feed: https://remoteok.com/remote-ops-jobs.json
2026-01-03 11:25:28,889 - INFO - Extracted 52 new jobs from remote-ops-jobs. Total Unique: 75
2026-01-03 11:25:28,890 - INFO - Sleeping 3.93s...
2026-01-03 11:25:32,820 - INFO - Fetching JSON Feed: https://remoteok.com/remote-jobs.json
2026-01-03 11:25:35,386 - INFO - Extracted 94 new jobs from remote-jobs. Total Unique: 169
2026-01-03 11:25:35,387 - INFO - Sleeping 2.56s...
2026-01-03 11:25:37,944 - INFO - Fetching JSON Feed: https://remoteok.com/remote-exec-jobs.json
2026-01-03 11:25:42,476 - INFO - Extracted 81 new jobs from remote-exec-jobs. Total Unique: 250
2026-01-03 11:25:42,477 - INFO - Sleeping 2.94s...
2026-01-03 11:25:45,422 - INFO - Fetching JSON Feed: https://remoteok.com/remote-recruiter-jobs.json
2026-01-03 11:25:59,907 - INFO - Extracted 10 new jobs from remote-recruiter-jobs. Total Unique: 260
2026-01-03 11:25:59,908 - INFO - Sleeping 2.69s...
2026-01-03 11:26:02,600 - INFO - Fetching JSON Feed: https://remoteok.com/remote-writing-jobs.json
2026-01-03 11:26:05,424 - INFO - Extracted 3 new jobs from remote-writing-jobs. Total Unique: 263
2026-01-03 11:26:05,426 - INFO - Sleeping 3.59s...
2026-01-03 11:26:09,020 - INFO - Fetching JSON Feed: https://remoteok.com/remote-marketing-jobs.json
2026-01-03 11:26:10,911 - INFO - Extracted 67 new jobs from remote-marketing-jobs. Total Unique: 330
2026-01-03 11:26:10,913 - INFO - Sleeping 3.29s...
2026-01-03 11:26:14,208 - INFO - Fetching JSON Feed: https://remoteok.com/remote-sales-jobs.json
2026-01-03 11:26:18,849 - INFO - Extracted 30 new jobs from remote-sales-jobs. Total Unique: 360
2026-01-03 11:26:18,851 - INFO - Sleeping 2.83s...
2026-01-03 11:26:21,684 - INFO - Fetching JSON Feed: https://remoteok.com/remote-excel-jobs.json
2026-01-03 11:26:24,350 - INFO - Extracted 19 new jobs from remote-excel-jobs. Total Unique: 379
2026-01-03 11:26:24,351 - INFO - Sleeping 3.23s...
2026-01-03 11:26:27,584 - INFO - Fetching JSON Feed: https://remoteok.com/remote-sql-jobs.json
2026-01-03 11:26:30,957 - INFO - Extracted 8 new jobs from remote-sql-jobs. Total Unique: 387
2026-01-03 11:26:30,960 - INFO - Sleeping 3.85s...
2026-01-03 11:26:34,812 - INFO - Fetching JSON Feed: https://remoteok.com/remote-data-jobs.json
2026-01-03 11:26:36,083 - INFO - Extracted 0 new jobs from remote-data-jobs. Total Unique: 387
2026-01-03 11:26:36,085 - INFO - Sleeping 3.43s...
2026-01-03 11:26:39,519 - INFO - Fetching JSON Feed: https://remoteok.com/remote-react-jobs.json
2026-01-03 11:26:40,830 - INFO - Extracted 25 new jobs from remote-react-jobs. Total Unique: 412
2026-01-03 11:26:40,832 - INFO - Sleeping 3.59s...
2026-01-03 11:26:44,428 - INFO - Fetching JSON Feed: https://remoteok.com/remote-design-jobs.json
2026-01-03 11:26:46,297 - INFO - Extracted 49 new jobs from remote-design-jobs. Total Unique: 461
2026-01-03 11:26:46,300 - INFO - Sleeping 3.63s...
2026-01-03 11:26:49,932 - INFO - Fetching JSON Feed: https://remoteok.com/remote-linux-jobs.json
2026-01-03 11:26:51,262 - INFO - Extracted 7 new jobs from remote-linux-jobs. Total Unique: 468
2026-01-03 11:26:51,263 - INFO - Sleeping 3.82s...
2026-01-03 11:26:55,088 - INFO - Fetching JSON Feed: https://remoteok.com/remote-sysadmin-jobs.json
2026-01-03 11:26:57,838 - INFO - Extracted 0 new jobs from remote-sysadmin-jobs. Total Unique: 468
2026-01-03 11:26:57,839 - INFO - Sleeping 2.03s...
2026-01-03 11:26:59,866 - INFO - Fetching JSON Feed: https://remoteok.com/remote-crypto-jobs.json
2026-01-03 11:27:05,185 - INFO - Extracted 58 new jobs from remote-crypto-jobs. Total Unique: 526
2026-01-03 11:27:05,185 - INFO - Sleeping 3.24s...
2026-01-03 11:27:08,425 - INFO - Fetching JSON Feed: https://remoteok.com/remote-javascript-jobs.json
2026-01-03 11:27:13,045 - INFO - Extracted 6 new jobs from remote-javascript-jobs. Total Unique: 532
2026-01-03 11:27:13,046 - INFO - Sleeping 3.05s...
2026-01-03 11:27:16,097 - INFO - Fetching JSON Feed: https://remoteok.com/remote-frontend-jobs.json
2026-01-03 11:27:22,811 - INFO - Extracted 20 new jobs from remote-frontend-jobs. Total Unique: 552
2026-01-03 11:27:22,813 - INFO - Sleeping 3.27s...
2026-01-03 11:27:26,088 - INFO - Fetching JSON Feed: https://remoteok.com/remote-security-jobs.json
2026-01-03 11:27:30,634 - INFO - Extracted 31 new jobs from remote-security-jobs. Total Unique: 583
2026-01-03 11:27:30,635 - INFO - Sleeping 2.36s...
2026-01-03 11:27:32,997 - INFO - Fetching JSON Feed: https://remoteok.com/remote-full-stack-jobs.json
2026-01-03 11:27:36,395 - INFO - Extracted 0 new jobs from remote-full-stack-jobs. Total Unique: 583
2026-01-03 11:27:36,396 - INFO - Sleeping 3.39s...
2026-01-03 11:27:39,790 - INFO - Fetching JSON Feed: https://remoteok.com/remote-backend-jobs.json
2026-01-03 11:27:42,959 - INFO - Extracted 29 new jobs from remote-backend-jobs. Total Unique: 612
2026-01-03 11:27:42,961 - INFO - Sleeping 3.76s...
2026-01-03 11:27:46,722 - INFO - Target of 600 reached.
2026-01-03 11:27:46,759 - INFO - Saved 612 jobs to data\raw\remoteok_raw.csv
2026-01-03 11:46:32,083 - INFO - Successfully loaded robots.txt
2026-01-03 11:46:32,084 - INFO - Starting Direct JSON Scraper. Target: 600 jobs.
2026-01-03 11:46:32,084 - INFO - Fetching JSON Feed: https://remoteok.com/remote-sysadmin-jobs.json
2026-01-03 11:46:33,609 - INFO - Extracted 0 new jobs from remote-sysadmin-jobs. Total Unique: 0
2026-01-03 11:46:33,610 - INFO - Sleeping 2.51s...
2026-01-03 11:46:36,118 - INFO - Fetching JSON Feed: https://remoteok.com/remote-backend-jobs.json
2026-01-03 11:46:38,960 - INFO - Extracted 98 new jobs from remote-backend-jobs. Total Unique: 98
2026-01-03 11:46:38,962 - INFO - Sleeping 2.52s...
2026-01-03 11:46:41,480 - INFO - Fetching JSON Feed: https://remoteok.com/remote-engineer-jobs.json
2026-01-03 11:46:43,954 - INFO - Extracted 79 new jobs from remote-engineer-jobs. Total Unique: 177
2026-01-03 11:46:43,956 - INFO - Sleeping 3.31s...
2026-01-03 11:46:47,264 - INFO - Fetching JSON Feed: https://remoteok.com/remote-senior-jobs.json
2026-01-03 11:46:50,568 - INFO - Extracted 56 new jobs from remote-senior-jobs. Total Unique: 233
2026-01-03 11:46:50,571 - INFO - Sleeping 3.61s...
2026-01-03 11:46:54,179 - INFO - Fetching JSON Feed: https://remoteok.com/remote-finance-jobs.json
2026-01-03 11:46:58,694 - INFO - Extracted 71 new jobs from remote-finance-jobs. Total Unique: 304
2026-01-03 11:46:58,695 - INFO - Sleeping 2.09s...
2026-01-03 11:47:00,786 - INFO - Fetching JSON Feed: https://remoteok.com/remote-accounting-jobs.json
2026-01-03 11:47:02,378 - INFO - Extracted 13 new jobs from remote-accounting-jobs. Total Unique: 317
2026-01-03 11:47:02,379 - INFO - Sleeping 3.73s...
2026-01-03 11:47:06,114 - INFO - Fetching JSON Feed: https://remoteok.com/remote-medical-jobs.json
2026-01-03 11:47:10,297 - INFO - Extracted 30 new jobs from remote-medical-jobs. Total Unique: 347
2026-01-03 11:47:10,299 - INFO - Sleeping 2.27s...
2026-01-03 11:47:12,569 - INFO - Fetching JSON Feed: https://remoteok.com/remote-sales-jobs.json
2026-01-03 11:47:17,708 - INFO - Extracted 72 new jobs from remote-sales-jobs. Total Unique: 419
2026-01-03 11:47:17,709 - INFO - Sleeping 2.28s...
2026-01-03 11:47:19,987 - INFO - Fetching JSON Feed: https://remoteok.com/remote-product-jobs.json
2026-01-03 11:47:22,116 - INFO - Extracted 4 new jobs from remote-product-jobs. Total Unique: 423
2026-01-03 11:47:22,117 - INFO - Sleeping 3.56s...
2026-01-03 11:47:25,681 - INFO - Fetching JSON Feed: https://remoteok.com/remote-full-stack-jobs.json
2026-01-03 11:47:27,098 - INFO - Extracted 0 new jobs from remote-full-stack-jobs. Total Unique: 423
2026-01-03 11:47:27,099 - INFO - Sleeping 3.01s...
2026-01-03 11:47:30,110 - INFO - Fetching JSON Feed: https://remoteok.com/remote-customer-support-jobs.json
2026-01-03 11:47:32,441 - INFO - Extracted 1 new jobs from remote-customer-support-jobs. Total Unique: 424
2026-01-03 11:47:32,441 - INFO - Sleeping 2.82s...
2026-01-03 11:47:35,260 - INFO - Fetching JSON Feed: https://remoteok.com/remote-cloud-jobs.json
2026-01-03 11:47:39,492 - INFO - Extracted 42 new jobs from remote-cloud-jobs. Total Unique: 466
2026-01-03 11:47:39,493 - INFO - Sleeping 2.74s...
2026-01-03 11:47:42,237 - INFO - Fetching JSON Feed: https://remoteok.com/remote-developer-jobs.json
2026-01-03 11:47:43,950 - INFO - Extracted 39 new jobs from remote-developer-jobs. Total Unique: 505
2026-01-03 11:47:43,951 - INFO - Sleeping 2.55s...
2026-01-03 11:47:46,502 - INFO - Fetching JSON Feed: https://remoteok.com/remote-java-jobs.json
2026-01-03 11:47:48,010 - INFO - Extracted 13 new jobs from remote-java-jobs. Total Unique: 518
2026-01-03 11:47:48,012 - INFO - Sleeping 2.01s...
2026-01-03 11:47:50,023 - INFO - Fetching JSON Feed: https://remoteok.com/remote-recruiter-jobs.json
2026-01-03 11:47:52,488 - INFO - Extracted 6 new jobs from remote-recruiter-jobs. Total Unique: 524
2026-01-03 11:47:52,488 - INFO - Sleeping 2.35s...
2026-01-03 11:47:54,837 - INFO - Fetching JSON Feed: https://remoteok.com/remote-non-tech-jobs.json
2026-01-03 11:47:57,249 - INFO - Extracted 56 new jobs from remote-non-tech-jobs. Total Unique: 580
2026-01-03 11:47:57,250 - INFO - Sleeping 3.79s...
2026-01-03 11:48:01,044 - INFO - Fetching JSON Feed: https://remoteok.com/remote-writing-jobs.json
2026-01-03 11:48:11,067 - INFO - Extracted 3 new jobs from remote-writing-jobs. Total Unique: 583
2026-01-03 11:48:11,068 - INFO - Sleeping 2.30s...
2026-01-03 11:48:13,369 - INFO - Fetching JSON Feed: https://remoteok.com/remote-exec-jobs.json
2026-01-03 11:48:17,232 - INFO - Extracted 41 new jobs from remote-exec-jobs. Total Unique: 624
2026-01-03 11:48:17,233 - INFO - Sleeping 2.35s...
2026-01-03 11:48:19,582 - INFO - Target of 600 reached.
2026-01-03 11:48:19,608 - INFO - Saved 624 jobs to data\raw\remoteok_raw.csv
